Determining if the pthread_create exist failed with the following output:
Change Dir: /home/lucifer/catkin_evok/build/ewok_poly_spline/CMakeFiles/CMakeTmp

Run Build Command:"/usr/bin/make" "cmTC_6df51/fast"
/usr/bin/make -f CMakeFiles/cmTC_6df51.dir/build.make CMakeFiles/cmTC_6df51.dir/build
make[1]: Entering directory '/home/lucifer/catkin_evok/build/ewok_poly_spline/CMakeFiles/CMakeTmp'
Building C object CMakeFiles/cmTC_6df51.dir/CheckSymbolExists.c.o
/usr/bin/cc    -o CMakeFiles/cmTC_6df51.dir/CheckSymbolExists.c.o   -c /home/lucifer/catkin_evok/build/ewok_poly_spline/CMakeFiles/CMakeTmp/CheckSymbolExists.c
Linking C executable cmTC_6df51
/usr/bin/cmake -E cmake_link_script CMakeFiles/cmTC_6df51.dir/link.txt --verbose=1
/usr/bin/cc      -rdynamic CMakeFiles/cmTC_6df51.dir/CheckSymbolExists.c.o  -o cmTC_6df51 
CMakeFiles/cmTC_6df51.dir/CheckSymbolExists.c.o: In function `main':
CheckSymbolExists.c:(.text+0x1b): undefined reference to `pthread_create'
collect2: error: ld returned 1 exit status
CMakeFiles/cmTC_6df51.dir/build.make:97: recipe for target 'cmTC_6df51' failed
make[1]: *** [cmTC_6df51] Error 1
make[1]: Leaving directory '/home/lucifer/catkin_evok/build/ewok_poly_spline/CMakeFiles/CMakeTmp'
Makefile:126: recipe for target 'cmTC_6df51/fast' failed
make: *** [cmTC_6df51/fast] Error 2

File /home/lucifer/catkin_evok/build/ewok_poly_spline/CMakeFiles/CMakeTmp/CheckSymbolExists.c:
/* */
#include <pthread.h>

int main(int argc, char** argv)
{
  (void)argv;
#ifndef pthread_create
  return ((int*)(&pthread_create))[argc];
#else
  (void)argc;
  return 0;
#endif
}

Determining if the function pthread_create exists in the pthreads failed with the following output:
Change Dir: /home/lucifer/catkin_evok/build/ewok_poly_spline/CMakeFiles/CMakeTmp

Run Build Command:"/usr/bin/make" "cmTC_0074d/fast"
/usr/bin/make -f CMakeFiles/cmTC_0074d.dir/build.make CMakeFiles/cmTC_0074d.dir/build
make[1]: Entering directory '/home/lucifer/catkin_evok/build/ewok_poly_spline/CMakeFiles/CMakeTmp'
Building C object CMakeFiles/cmTC_0074d.dir/CheckFunctionExists.c.o
/usr/bin/cc   -DCHECK_FUNCTION_EXISTS=pthread_create   -o CMakeFiles/cmTC_0074d.dir/CheckFunctionExists.c.o   -c /usr/share/cmake-3.10/Modules/CheckFunctionExists.c
Linking C executable cmTC_0074d
/usr/bin/cmake -E cmake_link_script CMakeFiles/cmTC_0074d.dir/link.txt --verbose=1
/usr/bin/cc  -DCHECK_FUNCTION_EXISTS=pthread_create    -rdynamic CMakeFiles/cmTC_0074d.dir/CheckFunctionExists.c.o  -o cmTC_0074d -lpthreads 
/usr/bin/ld: cannot find -lpthreads
collect2: error: ld returned 1 exit status
CMakeFiles/cmTC_0074d.dir/build.make:97: recipe for target 'cmTC_0074d' failed
make[1]: *** [cmTC_0074d] Error 1
make[1]: Leaving directory '/home/lucifer/catkin_evok/build/ewok_poly_spline/CMakeFiles/CMakeTmp'
Makefile:126: recipe for target 'cmTC_0074d/fast' failed
make: *** [cmTC_0074d/fast] Error 2


