[  0%] Built target uuid_msgs_generate_messages_cpp
[ 16%] Built target pubCamPose
[ 16%] Built target mavros_msgs_generate_messages_py
[ 16%] Built target mavros_msgs_generate_messages_nodejs
[ 16%] Built target mavros_msgs_generate_messages_eus
[ 16%] Built target mavros_msgs_generate_messages_cpp
[ 16%] Built target uuid_msgs_generate_messages_nodejs
[ 16%] Built target uuid_msgs_generate_messages_lisp
[ 16%] Built target uuid_msgs_generate_messages_eus
[ 16%] Built target trajectory_msgs_generate_messages_eus
[ 16%] Built target roscpp_generate_messages_py
[ 16%] Built target trajectory_msgs_generate_messages_cpp
[ 16%] Built target mav_msgs_generate_messages_py
[ 16%] Built target sensor_msgs_generate_messages_eus
[ 16%] Built target mav_msgs_generate_messages_nodejs
[ 16%] Built target trajectory_msgs_generate_messages_lisp
[ 16%] Built target mav_msgs_generate_messages_eus
[ 16%] Built target actionlib_generate_messages_eus
[ 16%] Built target diagnostic_msgs_generate_messages_cpp
[ 16%] Built target actionlib_msgs_generate_messages_lisp
[ 16%] Built target mav_msgs_generate_messages_cpp
[ 16%] Built target actionlib_msgs_generate_messages_py
[ 16%] Built target std_msgs_generate_messages_py
[ 16%] Built target nav_msgs_generate_messages_cpp
[ 16%] Built target sensor_msgs_generate_messages_lisp
[ 16%] Built target nav_msgs_generate_messages_lisp
[ 16%] Built target actionlib_msgs_generate_messages_nodejs
[ 16%] Built target geometry_msgs_generate_messages_eus
[ 16%] Built target trajectory_msgs_generate_messages_py
[ 16%] Built target std_msgs_generate_messages_eus
[ 16%] Built target nav_msgs_generate_messages_nodejs
[ 16%] Built target uuid_msgs_generate_messages_py
[ 16%] Built target std_msgs_generate_messages_cpp
[ 16%] Built target geometry_msgs_generate_messages_nodejs
[ 16%] Built target geometry_msgs_generate_messages_lisp
[ 16%] Built target trajectory_msgs_generate_messages_nodejs
[ 16%] Built target diagnostic_msgs_generate_messages_nodejs
[ 16%] Built target geometry_msgs_generate_messages_py
[ 16%] Built target roscpp_generate_messages_nodejs
[ 16%] Built target std_msgs_generate_messages_nodejs
[ 16%] Built target std_msgs_generate_messages_lisp
[ 16%] Built target sensor_msgs_generate_messages_nodejs
[ 16%] Built target actionlib_generate_messages_cpp
[ 16%] Built target roscpp_generate_messages_lisp
[ 16%] Built target rosgraph_msgs_generate_messages_cpp
[ 16%] Built target rosgraph_msgs_generate_messages_lisp
[ 16%] Built target rosgraph_msgs_generate_messages_eus
[ 16%] Built target rosgraph_msgs_generate_messages_nodejs
[ 16%] Built target geographic_msgs_generate_messages_lisp
[ 16%] Built target actionlib_msgs_generate_messages_eus
[ 16%] Built target roscpp_generate_messages_eus
[ 16%] Built target rosgraph_msgs_generate_messages_py
[ 16%] Built target sensor_msgs_generate_messages_cpp
[ 16%] Built target mavros_msgs_generate_messages_lisp
[ 16%] Built target sensor_msgs_generate_messages_py
[ 16%] Built target tf_generate_messages_py
[ 16%] Built target actionlib_msgs_generate_messages_cpp
[ 16%] Built target tf_generate_messages_eus
[ 16%] Built target mav_msgs_generate_messages_lisp
[ 16%] Built target tf_generate_messages_lisp
[ 16%] Built target tf_generate_messages_nodejs
[ 16%] Built target geometry_msgs_generate_messages_cpp
[ 16%] Built target actionlib_generate_messages_lisp
[ 16%] Built target tf_generate_messages_cpp
[ 16%] Built target actionlib_generate_messages_nodejs
[ 16%] Built target geographic_msgs_generate_messages_nodejs
[ 16%] Built target tf2_msgs_generate_messages_cpp
[ 16%] Built target nav_msgs_generate_messages_eus
[ 16%] Built target tf2_msgs_generate_messages_eus
[ 16%] Built target nav_msgs_generate_messages_py
[ 16%] Built target tf2_msgs_generate_messages_lisp
[ 16%] Built target actionlib_generate_messages_py
[ 16%] Built target tf2_msgs_generate_messages_py
[ 16%] Built target tf2_msgs_generate_messages_nodejs
[ 16%] Built target diagnostic_msgs_generate_messages_eus
[ 16%] Built target diagnostic_msgs_generate_messages_lisp
[ 16%] Built target diagnostic_msgs_generate_messages_py
[ 16%] Built target roscpp_generate_messages_cpp
[ 16%] Built target geographic_msgs_generate_messages_py
[ 16%] Built target geographic_msgs_generate_messages_cpp
[ 16%] Built target geographic_msgs_generate_messages_eus
[ 33%] Built target bspline_controller_rishabh
[35m[1mScanning dependencies of target trajectory_replanning_pointCloud[0m
[ 50%] Built target trajectory_replanning_rishabh
[ 66%] Built target trajectory_replanning_example
[ 83%] Built target bspline_lee_position_controller_node
[ 91%] [32mBuilding CXX object CMakeFiles/trajectory_replanning_pointCloud.dir/src/trajectory_replanning_example_pointCloud.cpp.o[0m
[01m[K/home/lucifer/catkin_evok/src/ewok/ewok_simulation/src/trajectory_replanning_example_pointCloud.cpp:[m[K In function ‘[01m[Kint main(int, char**)[m[K’:
[01m[K/home/lucifer/catkin_evok/src/ewok/ewok_simulation/src/trajectory_replanning_example_pointCloud.cpp:301:5:[m[K [01;31m[Kerror: [m[Kexpected ‘[01m[K;[m[K’ before ‘[01m[Kpnh[m[K’
     [01;31m[Kpnh[m[K.param("dt", dt, 0.5);
     [01;31m[K^~~[m[K
CMakeFiles/trajectory_replanning_pointCloud.dir/build.make:62: recipe for target 'CMakeFiles/trajectory_replanning_pointCloud.dir/src/trajectory_replanning_example_pointCloud.cpp.o' failed
make[2]: *** [CMakeFiles/trajectory_replanning_pointCloud.dir/src/trajectory_replanning_example_pointCloud.cpp.o] Error 1
CMakeFiles/Makefile2:1235: recipe for target 'CMakeFiles/trajectory_replanning_pointCloud.dir/all' failed
make[1]: *** [CMakeFiles/trajectory_replanning_pointCloud.dir/all] Error 2
Makefile:140: recipe for target 'all' failed
make: *** [all] Error 2
