[01m[K/home/lucifer/catkin_evok/src/ewok/ewok_simulation/src/trajectory_replanning_example_pointCloud.cpp:[m[K In function ‘[01m[Kint main(int, char**)[m[K’:
[01m[K/home/lucifer/catkin_evok/src/ewok/ewok_simulation/src/trajectory_replanning_example_pointCloud.cpp:225:58:[m[K [01;31m[Kerror: [m[Kno matching function for call to ‘[01m[Kros::NodeHandle::param(const char [19], double&, int)[m[K’
     pnh.param("distance_threshold", distance_threshold, 1[01;31m[K)[m[K;
                                                          [01;31m[K^[m[K
In file included from [01m[K/opt/ros/melodic/include/ros/ros.h:45:0[m[K,
                 from [01m[K/home/lucifer/catkin_evok/src/ewok/mav_comm/mav_msgs/include/mav_msgs/conversions.h:32[m[K,
                 from [01m[K/home/lucifer/catkin_evok/src/ewok/ewok_simulation/src/trajectory_replanning_example_pointCloud.cpp:14[m[K:
[01m[K/opt/ros/melodic/include/ros/node_handle.h:2120:8:[m[K [01;36m[Knote: [m[Kcandidate: template<class T> bool ros::NodeHandle::param(const string&, T&, const T&) const
   bool [01;36m[Kparam[m[K(const std::string& param_name, T& param_val, const T& default_val) const
        [01;36m[K^~~~~[m[K
[01m[K/opt/ros/melodic/include/ros/node_handle.h:2120:8:[m[K [01;36m[Knote: [m[K  template argument deduction/substitution failed:
[01m[K/home/lucifer/catkin_evok/src/ewok/ewok_simulation/src/trajectory_replanning_example_pointCloud.cpp:225:58:[m[K [01;36m[Knote: [m[K  deduced conflicting types for parameter ‘[01m[Kconst T[m[K’ (‘[01m[Kdouble[m[K’ and ‘[01m[Kint[m[K’)
     pnh.param("distance_threshold", distance_threshold, 1[01;36m[K)[m[K;
                                                          [01;36m[K^[m[K
In file included from [01m[K/opt/ros/melodic/include/ros/ros.h:45:0[m[K,
                 from [01m[K/home/lucifer/catkin_evok/src/ewok/mav_comm/mav_msgs/include/mav_msgs/conversions.h:32[m[K,
                 from [01m[K/home/lucifer/catkin_evok/src/ewok/ewok_simulation/src/trajectory_replanning_example_pointCloud.cpp:14[m[K:
[01m[K/opt/ros/melodic/include/ros/node_handle.h:2153:5:[m[K [01;36m[Knote: [m[Kcandidate: template<class T> T ros::NodeHandle::param(const string&, const T&) const
   T [01;36m[Kparam[m[K(const std::string& param_name, const T& default_val) const
     [01;36m[K^~~~~[m[K
[01m[K/opt/ros/melodic/include/ros/node_handle.h:2153:5:[m[K [01;36m[Knote: [m[K  template argument deduction/substitution failed:
[01m[K/home/lucifer/catkin_evok/src/ewok/ewok_simulation/src/trajectory_replanning_example_pointCloud.cpp:225:58:[m[K [01;36m[Knote: [m[K  candidate expects 2 arguments, 3 provided
     pnh.param("distance_threshold", distance_threshold, 1[01;36m[K)[m[K;
                                                          [01;36m[K^[m[K
make[2]: *** [CMakeFiles/trajectory_replanning_pointCloud.dir/src/trajectory_replanning_example_pointCloud.cpp.o] Error 1
make[1]: *** [CMakeFiles/trajectory_replanning_pointCloud.dir/all] Error 2
make: *** [all] Error 2
