[  0%] Built target uuid_msgs_generate_messages_cpp
[ 16%] Built target pubCamPose
[ 16%] Built target mavros_msgs_generate_messages_py
[ 16%] Built target mavros_msgs_generate_messages_nodejs
[ 16%] Built target mavros_msgs_generate_messages_eus
[ 16%] Built target mavros_msgs_generate_messages_cpp
[ 16%] Built target uuid_msgs_generate_messages_nodejs
[ 16%] Built target uuid_msgs_generate_messages_lisp
[ 16%] Built target uuid_msgs_generate_messages_eus
[ 16%] Built target trajectory_msgs_generate_messages_eus
[ 16%] Built target roscpp_generate_messages_py
[ 16%] Built target trajectory_msgs_generate_messages_cpp
[ 16%] Built target mav_msgs_generate_messages_py
[ 16%] Built target sensor_msgs_generate_messages_eus
[ 16%] Built target mav_msgs_generate_messages_nodejs
[ 16%] Built target trajectory_msgs_generate_messages_lisp
[ 16%] Built target mav_msgs_generate_messages_eus
[ 16%] Built target actionlib_generate_messages_eus
[ 16%] Built target diagnostic_msgs_generate_messages_cpp
[ 16%] Built target actionlib_msgs_generate_messages_lisp
[ 16%] Built target actionlib_msgs_generate_messages_py
[ 16%] Built target mav_msgs_generate_messages_cpp
[ 16%] Built target std_msgs_generate_messages_py
[ 16%] Built target nav_msgs_generate_messages_cpp
[ 16%] Built target sensor_msgs_generate_messages_lisp
[ 16%] Built target nav_msgs_generate_messages_lisp
[ 16%] Built target geometry_msgs_generate_messages_eus
[ 16%] Built target actionlib_msgs_generate_messages_nodejs
[ 16%] Built target trajectory_msgs_generate_messages_py
[ 16%] Built target std_msgs_generate_messages_eus
[ 16%] Built target nav_msgs_generate_messages_nodejs
[ 16%] Built target uuid_msgs_generate_messages_py
[ 16%] Built target std_msgs_generate_messages_cpp
[ 16%] Built target geometry_msgs_generate_messages_nodejs
[ 16%] Built target geometry_msgs_generate_messages_lisp
[ 16%] Built target trajectory_msgs_generate_messages_nodejs
[ 16%] Built target geometry_msgs_generate_messages_py
[ 16%] Built target diagnostic_msgs_generate_messages_nodejs
[ 16%] Built target roscpp_generate_messages_nodejs
[ 16%] Built target std_msgs_generate_messages_lisp
[ 16%] Built target std_msgs_generate_messages_nodejs
[ 16%] Built target sensor_msgs_generate_messages_nodejs
[ 16%] Built target actionlib_generate_messages_cpp
[ 16%] Built target roscpp_generate_messages_lisp
[ 16%] Built target rosgraph_msgs_generate_messages_cpp
[ 16%] Built target rosgraph_msgs_generate_messages_eus
[ 16%] Built target rosgraph_msgs_generate_messages_lisp
[ 16%] Built target rosgraph_msgs_generate_messages_nodejs
[ 16%] Built target geographic_msgs_generate_messages_lisp
[ 16%] Built target actionlib_msgs_generate_messages_eus
[ 16%] Built target rosgraph_msgs_generate_messages_py
[ 16%] Built target roscpp_generate_messages_eus
[ 16%] Built target mavros_msgs_generate_messages_lisp
[ 16%] Built target sensor_msgs_generate_messages_cpp
[ 16%] Built target sensor_msgs_generate_messages_py
[ 16%] Built target tf_generate_messages_py
[ 16%] Built target actionlib_msgs_generate_messages_cpp
[ 16%] Built target tf_generate_messages_eus
[ 16%] Built target mav_msgs_generate_messages_lisp
[ 16%] Built target tf_generate_messages_lisp
[ 16%] Built target tf_generate_messages_nodejs
[ 16%] Built target geometry_msgs_generate_messages_cpp
[ 16%] Built target actionlib_generate_messages_lisp
[ 16%] Built target tf_generate_messages_cpp
[ 16%] Built target actionlib_generate_messages_nodejs
[ 16%] Built target geographic_msgs_generate_messages_nodejs
[ 16%] Built target tf2_msgs_generate_messages_cpp
[ 16%] Built target nav_msgs_generate_messages_eus
[ 16%] Built target tf2_msgs_generate_messages_eus
[ 16%] Built target nav_msgs_generate_messages_py
[ 16%] Built target tf2_msgs_generate_messages_lisp
[ 16%] Built target actionlib_generate_messages_py
[ 16%] Built target tf2_msgs_generate_messages_py
[ 16%] Built target tf2_msgs_generate_messages_nodejs
[ 16%] Built target diagnostic_msgs_generate_messages_lisp
[ 16%] Built target diagnostic_msgs_generate_messages_eus
[ 16%] Built target diagnostic_msgs_generate_messages_py
[ 16%] Built target roscpp_generate_messages_cpp
[ 16%] Built target geographic_msgs_generate_messages_py
[ 16%] Built target geographic_msgs_generate_messages_cpp
[ 16%] Built target geographic_msgs_generate_messages_eus
[35m[1mScanning dependencies of target trajectory_replanning_pointCloud[0m
[ 33%] Built target trajectory_replanning_example
[ 50%] Built target bspline_controller_rishabh
[ 66%] Built target trajectory_replanning_rishabh
[ 75%] [32mBuilding CXX object CMakeFiles/trajectory_replanning_pointCloud.dir/src/trajectory_replanning_example_pointCloud.cpp.o[0m
[ 91%] Built target bspline_lee_position_controller_node
[100%] [32m[1mLinking CXX executable /home/lucifer/catkin_evok/devel/.private/ewok_simulation/lib/ewok_simulation/trajectory_replanning_pointCloud[0m
[100%] Built target trajectory_replanning_pointCloud
